18-Dec-2019 11:52:56.357 INFO [main] org.apache.catalina.startup.VersionLoggerListener.log Server version name:   Apache Tomcat/9.0.30
18-Dec-2019 11:52:56.358 INFO [main] org.apache.catalina.startup.VersionLoggerListener.log Server built:          Dec 7 2019 16:42:04 UTC
18-Dec-2019 11:52:56.358 INFO [main] org.apache.catalina.startup.VersionLoggerListener.log Server version number: 9.0.30.0
18-Dec-2019 11:52:56.358 INFO [main] org.apache.catalina.startup.VersionLoggerListener.log OS Name:               Mac OS X
18-Dec-2019 11:52:56.358 INFO [main] org.apache.catalina.startup.VersionLoggerListener.log OS Version:            10.14.3
18-Dec-2019 11:52:56.358 INFO [main] org.apache.catalina.startup.VersionLoggerListener.log Architecture:          x86_64
18-Dec-2019 11:52:56.358 INFO [main] org.apache.catalina.startup.VersionLoggerListener.log Java Home:             /Library/Java/JavaVirtualMachines/jdk1.8.0_221.jdk/Contents/Home/jre
18-Dec-2019 11:52:56.359 INFO [main] org.apache.catalina.startup.VersionLoggerListener.log JVM Version:           1.8.0_221-b11
18-Dec-2019 11:52:56.359 INFO [main] org.apache.catalina.startup.VersionLoggerListener.log JVM Vendor:            Oracle Corporation
18-Dec-2019 11:52:56.359 INFO [main] org.apache.catalina.startup.VersionLoggerListener.log CATALINA_BASE:         /Users/lang.nguyen/Desktop/coopmart/tomcat/apache-tomcat-9.0.30
18-Dec-2019 11:52:56.359 INFO [main] org.apache.catalina.startup.VersionLoggerListener.log CATALINA_HOME:         /Users/lang.nguyen/Desktop/coopmart/tomcat/apache-tomcat-9.0.30
18-Dec-2019 11:52:56.362 INFO [main] org.apache.catalina.startup.VersionLoggerListener.log Command line argument: -Djava.util.logging.config.file=/Users/lang.nguyen/Desktop/coopmart/tomcat/apache-tomcat-9.0.30/conf/logging.properties
18-Dec-2019 11:52:56.362 INFO [main] org.apache.catalina.startup.VersionLoggerListener.log Command line argument: -Djava.util.logging.manager=org.apache.juli.ClassLoaderLogManager
18-Dec-2019 11:52:56.362 INFO [main] org.apache.catalina.startup.VersionLoggerListener.log Command line argument: -Djdk.tls.ephemeralDHKeySize=2048
18-Dec-2019 11:52:56.363 INFO [main] org.apache.catalina.startup.VersionLoggerListener.log Command line argument: -Djava.protocol.handler.pkgs=org.apache.catalina.webresources
18-Dec-2019 11:52:56.363 INFO [main] org.apache.catalina.startup.VersionLoggerListener.log Command line argument: -Dorg.apache.catalina.security.SecurityListener.UMASK=0027
18-Dec-2019 11:52:56.363 INFO [main] org.apache.catalina.startup.VersionLoggerListener.log Command line argument: -Dignore.endorsed.dirs=
18-Dec-2019 11:52:56.363 INFO [main] org.apache.catalina.startup.VersionLoggerListener.log Command line argument: -Dcatalina.base=/Users/lang.nguyen/Desktop/coopmart/tomcat/apache-tomcat-9.0.30
18-Dec-2019 11:52:56.363 INFO [main] org.apache.catalina.startup.VersionLoggerListener.log Command line argument: -Dcatalina.home=/Users/lang.nguyen/Desktop/coopmart/tomcat/apache-tomcat-9.0.30
18-Dec-2019 11:52:56.363 INFO [main] org.apache.catalina.startup.VersionLoggerListener.log Command line argument: -Djava.io.tmpdir=/Users/lang.nguyen/Desktop/coopmart/tomcat/apache-tomcat-9.0.30/temp
18-Dec-2019 11:52:56.363 INFO [main] org.apache.catalina.core.AprLifecycleListener.lifecycleEvent The APR based Apache Tomcat Native library which allows optimal performance in production environments was not found on the java.library.path: [/Users/lang.nguyen/Library/Java/Extensions:/Library/Java/Extensions:/Network/Library/Java/Extensions:/System/Library/Java/Extensions:/usr/lib/java:.]
18-Dec-2019 11:52:56.540 INFO [main] org.apache.coyote.AbstractProtocol.init Initializing ProtocolHandler ["http-nio-8080"]
18-Dec-2019 11:52:56.558 INFO [main] org.apache.coyote.AbstractProtocol.init Initializing ProtocolHandler ["ajp-nio-8009"]
18-Dec-2019 11:52:56.559 INFO [main] org.apache.catalina.startup.Catalina.load Server initialization in [308] milliseconds
18-Dec-2019 11:52:56.573 INFO [main] org.apache.catalina.core.StandardService.startInternal Starting service [Catalina]
18-Dec-2019 11:52:56.573 INFO [main] org.apache.catalina.core.StandardEngine.startInternal Starting Servlet engine: [Apache Tomcat/9.0.30]
18-Dec-2019 11:52:56.578 INFO [main] org.apache.catalina.startup.HostConfig.deployDirectory Deploying web application directory [/Users/lang.nguyen/Desktop/coopmart/tomcat/apache-tomcat-9.0.30/webapps/docs]
18-Dec-2019 11:52:56.713 INFO [main] org.apache.catalina.startup.HostConfig.deployDirectory Deployment of web application directory [/Users/lang.nguyen/Desktop/coopmart/tomcat/apache-tomcat-9.0.30/webapps/docs] has finished in [135] ms
18-Dec-2019 11:52:56.713 INFO [main] org.apache.catalina.startup.HostConfig.deployDirectory Deploying web application directory [/Users/lang.nguyen/Desktop/coopmart/tomcat/apache-tomcat-9.0.30/webapps/examples]
18-Dec-2019 11:52:56.887 INFO [main] org.apache.catalina.startup.HostConfig.deployDirectory Deployment of web application directory [/Users/lang.nguyen/Desktop/coopmart/tomcat/apache-tomcat-9.0.30/webapps/examples] has finished in [174] ms
18-Dec-2019 11:52:56.887 INFO [main] org.apache.catalina.startup.HostConfig.deployDirectory Deploying web application directory [/Users/lang.nguyen/Desktop/coopmart/tomcat/apache-tomcat-9.0.30/webapps/host-manager]
18-Dec-2019 11:52:56.901 INFO [main] org.apache.catalina.startup.HostConfig.deployDirectory Deployment of web application directory [/Users/lang.nguyen/Desktop/coopmart/tomcat/apache-tomcat-9.0.30/webapps/host-manager] has finished in [14] ms
18-Dec-2019 11:52:56.901 INFO [main] org.apache.catalina.startup.HostConfig.deployDirectory Deploying web application directory [/Users/lang.nguyen/Desktop/coopmart/tomcat/apache-tomcat-9.0.30/webapps/manager]
18-Dec-2019 11:52:56.911 INFO [main] org.apache.catalina.startup.HostConfig.deployDirectory Deployment of web application directory [/Users/lang.nguyen/Desktop/coopmart/tomcat/apache-tomcat-9.0.30/webapps/manager] has finished in [10] ms
18-Dec-2019 11:52:56.912 INFO [main] org.apache.catalina.startup.HostConfig.deployDirectory Deploying web application directory [/Users/lang.nguyen/Desktop/coopmart/tomcat/apache-tomcat-9.0.30/webapps/ROOT]
18-Dec-2019 11:52:56.919 INFO [main] org.apache.catalina.startup.HostConfig.deployDirectory Deployment of web application directory [/Users/lang.nguyen/Desktop/coopmart/tomcat/apache-tomcat-9.0.30/webapps/ROOT] has finished in [7] ms
18-Dec-2019 11:52:56.921 INFO [main] org.apache.coyote.AbstractProtocol.start Starting ProtocolHandler ["http-nio-8080"]
18-Dec-2019 11:52:56.925 INFO [main] org.apache.coyote.AbstractProtocol.start Starting ProtocolHandler ["ajp-nio-8009"]
18-Dec-2019 11:52:56.926 INFO [main] org.apache.catalina.startup.Catalina.start Server startup in [366] milliseconds
18-Dec-2019 11:53:11.917 INFO [main] org.apache.catalina.core.StandardServer.await A valid shutdown command was received via the shutdown port. Stopping the Server instance.
18-Dec-2019 11:53:11.917 INFO [main] org.apache.coyote.AbstractProtocol.pause Pausing ProtocolHandler ["http-nio-8080"]
18-Dec-2019 11:53:11.926 INFO [main] org.apache.coyote.AbstractProtocol.pause Pausing ProtocolHandler ["ajp-nio-8009"]
18-Dec-2019 11:53:11.932 INFO [main] org.apache.catalina.core.StandardService.stopInternal Stopping service [Catalina]
18-Dec-2019 11:53:11.941 INFO [main] org.apache.coyote.AbstractProtocol.stop Stopping ProtocolHandler ["http-nio-8080"]
18-Dec-2019 11:53:11.943 INFO [main] org.apache.coyote.AbstractProtocol.stop Stopping ProtocolHandler ["ajp-nio-8009"]
18-Dec-2019 11:53:11.944 INFO [main] org.apache.coyote.AbstractProtocol.destroy Destroying ProtocolHandler ["http-nio-8080"]
18-Dec-2019 11:53:11.944 INFO [main] org.apache.coyote.AbstractProtocol.destroy Destroying ProtocolHandler ["ajp-nio-8009"]
