17-Dec-2019 17:06:38.916 INFO [main] org.apache.catalina.startup.VersionLoggerListener.log Server version name:   Apache Tomcat/9.0.30
17-Dec-2019 17:06:38.918 INFO [main] org.apache.catalina.startup.VersionLoggerListener.log Server built:          Dec 7 2019 16:42:04 UTC
17-Dec-2019 17:06:38.918 INFO [main] org.apache.catalina.startup.VersionLoggerListener.log Server version number: 9.0.30.0
17-Dec-2019 17:06:38.918 INFO [main] org.apache.catalina.startup.VersionLoggerListener.log OS Name:               Mac OS X
17-Dec-2019 17:06:38.918 INFO [main] org.apache.catalina.startup.VersionLoggerListener.log OS Version:            10.14.3
17-Dec-2019 17:06:38.918 INFO [main] org.apache.catalina.startup.VersionLoggerListener.log Architecture:          x86_64
17-Dec-2019 17:06:38.918 INFO [main] org.apache.catalina.startup.VersionLoggerListener.log Java Home:             /Library/Java/JavaVirtualMachines/jdk1.8.0_221.jdk/Contents/Home/jre
17-Dec-2019 17:06:38.918 INFO [main] org.apache.catalina.startup.VersionLoggerListener.log JVM Version:           1.8.0_221-b11
17-Dec-2019 17:06:38.918 INFO [main] org.apache.catalina.startup.VersionLoggerListener.log JVM Vendor:            Oracle Corporation
17-Dec-2019 17:06:38.919 INFO [main] org.apache.catalina.startup.VersionLoggerListener.log CATALINA_BASE:         /Users/lang.nguyen/Desktop/tomcat/apache-tomcat-9.0.30
17-Dec-2019 17:06:38.919 INFO [main] org.apache.catalina.startup.VersionLoggerListener.log CATALINA_HOME:         /Users/lang.nguyen/Desktop/tomcat/apache-tomcat-9.0.30
17-Dec-2019 17:06:38.923 INFO [main] org.apache.catalina.startup.VersionLoggerListener.log Command line argument: -Djava.util.logging.config.file=/Users/lang.nguyen/Desktop/tomcat/apache-tomcat-9.0.30/conf/logging.properties
17-Dec-2019 17:06:38.923 INFO [main] org.apache.catalina.startup.VersionLoggerListener.log Command line argument: -Djava.util.logging.manager=org.apache.juli.ClassLoaderLogManager
17-Dec-2019 17:06:38.923 INFO [main] org.apache.catalina.startup.VersionLoggerListener.log Command line argument: -Djdk.tls.ephemeralDHKeySize=2048
17-Dec-2019 17:06:38.923 INFO [main] org.apache.catalina.startup.VersionLoggerListener.log Command line argument: -Djava.protocol.handler.pkgs=org.apache.catalina.webresources
17-Dec-2019 17:06:38.923 INFO [main] org.apache.catalina.startup.VersionLoggerListener.log Command line argument: -Dorg.apache.catalina.security.SecurityListener.UMASK=0027
17-Dec-2019 17:06:38.923 INFO [main] org.apache.catalina.startup.VersionLoggerListener.log Command line argument: -Dignore.endorsed.dirs=
17-Dec-2019 17:06:38.923 INFO [main] org.apache.catalina.startup.VersionLoggerListener.log Command line argument: -Dcatalina.base=/Users/lang.nguyen/Desktop/tomcat/apache-tomcat-9.0.30
17-Dec-2019 17:06:38.923 INFO [main] org.apache.catalina.startup.VersionLoggerListener.log Command line argument: -Dcatalina.home=/Users/lang.nguyen/Desktop/tomcat/apache-tomcat-9.0.30
17-Dec-2019 17:06:38.923 INFO [main] org.apache.catalina.startup.VersionLoggerListener.log Command line argument: -Djava.io.tmpdir=/Users/lang.nguyen/Desktop/tomcat/apache-tomcat-9.0.30/temp
17-Dec-2019 17:06:38.923 INFO [main] org.apache.catalina.core.AprLifecycleListener.lifecycleEvent The APR based Apache Tomcat Native library which allows optimal performance in production environments was not found on the java.library.path: [/Users/lang.nguyen/Library/Java/Extensions:/Library/Java/Extensions:/Network/Library/Java/Extensions:/System/Library/Java/Extensions:/usr/lib/java:.]
17-Dec-2019 17:06:39.114 INFO [main] org.apache.coyote.AbstractProtocol.init Initializing ProtocolHandler ["http-nio-8080"]
17-Dec-2019 17:06:39.133 INFO [main] org.apache.coyote.AbstractProtocol.init Initializing ProtocolHandler ["ajp-nio-8009"]
17-Dec-2019 17:06:39.135 INFO [main] org.apache.catalina.startup.Catalina.load Server initialization in [359] milliseconds
17-Dec-2019 17:06:39.152 INFO [main] org.apache.catalina.core.StandardService.startInternal Starting service [Catalina]
17-Dec-2019 17:06:39.152 INFO [main] org.apache.catalina.core.StandardEngine.startInternal Starting Servlet engine: [Apache Tomcat/9.0.30]
17-Dec-2019 17:06:39.158 INFO [main] org.apache.catalina.startup.HostConfig.deployDirectory Deploying web application directory [/Users/lang.nguyen/Desktop/tomcat/apache-tomcat-9.0.30/webapps/docs]
17-Dec-2019 17:06:39.327 INFO [main] org.apache.catalina.startup.HostConfig.deployDirectory Deployment of web application directory [/Users/lang.nguyen/Desktop/tomcat/apache-tomcat-9.0.30/webapps/docs] has finished in [168] ms
17-Dec-2019 17:06:39.327 INFO [main] org.apache.catalina.startup.HostConfig.deployDirectory Deploying web application directory [/Users/lang.nguyen/Desktop/tomcat/apache-tomcat-9.0.30/webapps/examples]
17-Dec-2019 17:06:39.509 INFO [main] org.apache.catalina.startup.HostConfig.deployDirectory Deployment of web application directory [/Users/lang.nguyen/Desktop/tomcat/apache-tomcat-9.0.30/webapps/examples] has finished in [182] ms
17-Dec-2019 17:06:39.510 INFO [main] org.apache.catalina.startup.HostConfig.deployDirectory Deploying web application directory [/Users/lang.nguyen/Desktop/tomcat/apache-tomcat-9.0.30/webapps/host-manager]
17-Dec-2019 17:06:39.525 INFO [main] org.apache.catalina.startup.HostConfig.deployDirectory Deployment of web application directory [/Users/lang.nguyen/Desktop/tomcat/apache-tomcat-9.0.30/webapps/host-manager] has finished in [16] ms
17-Dec-2019 17:06:39.525 INFO [main] org.apache.catalina.startup.HostConfig.deployDirectory Deploying web application directory [/Users/lang.nguyen/Desktop/tomcat/apache-tomcat-9.0.30/webapps/manager]
17-Dec-2019 17:06:39.536 INFO [main] org.apache.catalina.startup.HostConfig.deployDirectory Deployment of web application directory [/Users/lang.nguyen/Desktop/tomcat/apache-tomcat-9.0.30/webapps/manager] has finished in [11] ms
17-Dec-2019 17:06:39.536 INFO [main] org.apache.catalina.startup.HostConfig.deployDirectory Deploying web application directory [/Users/lang.nguyen/Desktop/tomcat/apache-tomcat-9.0.30/webapps/ROOT]
17-Dec-2019 17:06:39.544 INFO [main] org.apache.catalina.startup.HostConfig.deployDirectory Deployment of web application directory [/Users/lang.nguyen/Desktop/tomcat/apache-tomcat-9.0.30/webapps/ROOT] has finished in [8] ms
17-Dec-2019 17:06:39.546 INFO [main] org.apache.coyote.AbstractProtocol.start Starting ProtocolHandler ["http-nio-8080"]
17-Dec-2019 17:06:39.551 INFO [main] org.apache.coyote.AbstractProtocol.start Starting ProtocolHandler ["ajp-nio-8009"]
17-Dec-2019 17:06:39.552 INFO [main] org.apache.catalina.startup.Catalina.start Server startup in [417] milliseconds
17-Dec-2019 17:08:41.325 WARNING [main] org.apache.catalina.core.StandardServer.await Invalid shutdown command [] received
17-Dec-2019 17:09:05.314 INFO [main] org.apache.catalina.core.StandardServer.await A valid shutdown command was received via the shutdown port. Stopping the Server instance.
17-Dec-2019 17:09:05.314 INFO [main] org.apache.coyote.AbstractProtocol.pause Pausing ProtocolHandler ["http-nio-8080"]
17-Dec-2019 17:09:05.322 INFO [main] org.apache.coyote.AbstractProtocol.pause Pausing ProtocolHandler ["ajp-nio-8009"]
17-Dec-2019 17:09:05.328 INFO [main] org.apache.catalina.core.StandardService.stopInternal Stopping service [Catalina]
17-Dec-2019 17:09:05.339 INFO [main] org.apache.coyote.AbstractProtocol.stop Stopping ProtocolHandler ["http-nio-8080"]
17-Dec-2019 17:09:05.340 INFO [main] org.apache.coyote.AbstractProtocol.stop Stopping ProtocolHandler ["ajp-nio-8009"]
17-Dec-2019 17:09:05.340 INFO [main] org.apache.coyote.AbstractProtocol.destroy Destroying ProtocolHandler ["http-nio-8080"]
17-Dec-2019 17:09:05.340 INFO [main] org.apache.coyote.AbstractProtocol.destroy Destroying ProtocolHandler ["ajp-nio-8009"]
17-Dec-2019 17:35:26.375 INFO [main] org.apache.catalina.startup.VersionLoggerListener.log Server version name:   Apache Tomcat/9.0.30
17-Dec-2019 17:35:26.377 INFO [main] org.apache.catalina.startup.VersionLoggerListener.log Server built:          Dec 7 2019 16:42:04 UTC
17-Dec-2019 17:35:26.377 INFO [main] org.apache.catalina.startup.VersionLoggerListener.log Server version number: 9.0.30.0
17-Dec-2019 17:35:26.377 INFO [main] org.apache.catalina.startup.VersionLoggerListener.log OS Name:               Mac OS X
17-Dec-2019 17:35:26.377 INFO [main] org.apache.catalina.startup.VersionLoggerListener.log OS Version:            10.14.3
17-Dec-2019 17:35:26.377 INFO [main] org.apache.catalina.startup.VersionLoggerListener.log Architecture:          x86_64
17-Dec-2019 17:35:26.377 INFO [main] org.apache.catalina.startup.VersionLoggerListener.log Java Home:             /Library/Java/JavaVirtualMachines/jdk1.8.0_221.jdk/Contents/Home/jre
17-Dec-2019 17:35:26.377 INFO [main] org.apache.catalina.startup.VersionLoggerListener.log JVM Version:           1.8.0_221-b11
17-Dec-2019 17:35:26.377 INFO [main] org.apache.catalina.startup.VersionLoggerListener.log JVM Vendor:            Oracle Corporation
17-Dec-2019 17:35:26.377 INFO [main] org.apache.catalina.startup.VersionLoggerListener.log CATALINA_BASE:         /Users/lang.nguyen/Desktop/coopmart/tomcat/apache-tomcat-9.0.30
17-Dec-2019 17:35:26.377 INFO [main] org.apache.catalina.startup.VersionLoggerListener.log CATALINA_HOME:         /Users/lang.nguyen/Desktop/coopmart/tomcat/apache-tomcat-9.0.30
17-Dec-2019 17:35:26.381 INFO [main] org.apache.catalina.startup.VersionLoggerListener.log Command line argument: -Djava.util.logging.config.file=/Users/lang.nguyen/Desktop/coopmart/tomcat/apache-tomcat-9.0.30/conf/logging.properties
17-Dec-2019 17:35:26.381 INFO [main] org.apache.catalina.startup.VersionLoggerListener.log Command line argument: -Djava.util.logging.manager=org.apache.juli.ClassLoaderLogManager
17-Dec-2019 17:35:26.381 INFO [main] org.apache.catalina.startup.VersionLoggerListener.log Command line argument: -Djdk.tls.ephemeralDHKeySize=2048
17-Dec-2019 17:35:26.381 INFO [main] org.apache.catalina.startup.VersionLoggerListener.log Command line argument: -Djava.protocol.handler.pkgs=org.apache.catalina.webresources
17-Dec-2019 17:35:26.382 INFO [main] org.apache.catalina.startup.VersionLoggerListener.log Command line argument: -Dorg.apache.catalina.security.SecurityListener.UMASK=0027
17-Dec-2019 17:35:26.382 INFO [main] org.apache.catalina.startup.VersionLoggerListener.log Command line argument: -Dignore.endorsed.dirs=
17-Dec-2019 17:35:26.382 INFO [main] org.apache.catalina.startup.VersionLoggerListener.log Command line argument: -Dcatalina.base=/Users/lang.nguyen/Desktop/coopmart/tomcat/apache-tomcat-9.0.30
17-Dec-2019 17:35:26.382 INFO [main] org.apache.catalina.startup.VersionLoggerListener.log Command line argument: -Dcatalina.home=/Users/lang.nguyen/Desktop/coopmart/tomcat/apache-tomcat-9.0.30
17-Dec-2019 17:35:26.382 INFO [main] org.apache.catalina.startup.VersionLoggerListener.log Command line argument: -Djava.io.tmpdir=/Users/lang.nguyen/Desktop/coopmart/tomcat/apache-tomcat-9.0.30/temp
17-Dec-2019 17:35:26.382 INFO [main] org.apache.catalina.core.AprLifecycleListener.lifecycleEvent The APR based Apache Tomcat Native library which allows optimal performance in production environments was not found on the java.library.path: [/Users/lang.nguyen/Library/Java/Extensions:/Library/Java/Extensions:/Network/Library/Java/Extensions:/System/Library/Java/Extensions:/usr/lib/java:.]
17-Dec-2019 17:35:26.561 INFO [main] org.apache.coyote.AbstractProtocol.init Initializing ProtocolHandler ["http-nio-8080"]
17-Dec-2019 17:35:26.579 INFO [main] org.apache.coyote.AbstractProtocol.init Initializing ProtocolHandler ["ajp-nio-8009"]
17-Dec-2019 17:35:26.580 INFO [main] org.apache.catalina.startup.Catalina.load Server initialization in [310] milliseconds
17-Dec-2019 17:35:26.594 INFO [main] org.apache.catalina.core.StandardService.startInternal Starting service [Catalina]
17-Dec-2019 17:35:26.594 INFO [main] org.apache.catalina.core.StandardEngine.startInternal Starting Servlet engine: [Apache Tomcat/9.0.30]
17-Dec-2019 17:35:26.599 INFO [main] org.apache.catalina.startup.HostConfig.deployDirectory Deploying web application directory [/Users/lang.nguyen/Desktop/coopmart/tomcat/apache-tomcat-9.0.30/webapps/docs]
17-Dec-2019 17:35:26.731 INFO [main] org.apache.catalina.startup.HostConfig.deployDirectory Deployment of web application directory [/Users/lang.nguyen/Desktop/coopmart/tomcat/apache-tomcat-9.0.30/webapps/docs] has finished in [132] ms
17-Dec-2019 17:35:26.731 INFO [main] org.apache.catalina.startup.HostConfig.deployDirectory Deploying web application directory [/Users/lang.nguyen/Desktop/coopmart/tomcat/apache-tomcat-9.0.30/webapps/examples]
17-Dec-2019 17:35:26.900 INFO [main] org.apache.catalina.startup.HostConfig.deployDirectory Deployment of web application directory [/Users/lang.nguyen/Desktop/coopmart/tomcat/apache-tomcat-9.0.30/webapps/examples] has finished in [169] ms
17-Dec-2019 17:35:26.900 INFO [main] org.apache.catalina.startup.HostConfig.deployDirectory Deploying web application directory [/Users/lang.nguyen/Desktop/coopmart/tomcat/apache-tomcat-9.0.30/webapps/host-manager]
17-Dec-2019 17:35:26.913 INFO [main] org.apache.catalina.startup.HostConfig.deployDirectory Deployment of web application directory [/Users/lang.nguyen/Desktop/coopmart/tomcat/apache-tomcat-9.0.30/webapps/host-manager] has finished in [13] ms
17-Dec-2019 17:35:26.913 INFO [main] org.apache.catalina.startup.HostConfig.deployDirectory Deploying web application directory [/Users/lang.nguyen/Desktop/coopmart/tomcat/apache-tomcat-9.0.30/webapps/manager]
17-Dec-2019 17:35:26.923 INFO [main] org.apache.catalina.startup.HostConfig.deployDirectory Deployment of web application directory [/Users/lang.nguyen/Desktop/coopmart/tomcat/apache-tomcat-9.0.30/webapps/manager] has finished in [10] ms
17-Dec-2019 17:35:26.923 INFO [main] org.apache.catalina.startup.HostConfig.deployDirectory Deploying web application directory [/Users/lang.nguyen/Desktop/coopmart/tomcat/apache-tomcat-9.0.30/webapps/ROOT]
17-Dec-2019 17:35:26.931 INFO [main] org.apache.catalina.startup.HostConfig.deployDirectory Deployment of web application directory [/Users/lang.nguyen/Desktop/coopmart/tomcat/apache-tomcat-9.0.30/webapps/ROOT] has finished in [8] ms
17-Dec-2019 17:35:26.933 INFO [main] org.apache.coyote.AbstractProtocol.start Starting ProtocolHandler ["http-nio-8080"]
17-Dec-2019 17:35:26.937 INFO [main] org.apache.coyote.AbstractProtocol.start Starting ProtocolHandler ["ajp-nio-8009"]
17-Dec-2019 17:35:26.938 INFO [main] org.apache.catalina.startup.Catalina.start Server startup in [357] milliseconds
17-Dec-2019 17:35:30.302 INFO [main] org.apache.catalina.core.StandardServer.await A valid shutdown command was received via the shutdown port. Stopping the Server instance.
17-Dec-2019 17:35:30.302 INFO [main] org.apache.coyote.AbstractProtocol.pause Pausing ProtocolHandler ["http-nio-8080"]
17-Dec-2019 17:35:30.311 INFO [main] org.apache.coyote.AbstractProtocol.pause Pausing ProtocolHandler ["ajp-nio-8009"]
17-Dec-2019 17:35:30.316 INFO [main] org.apache.catalina.core.StandardService.stopInternal Stopping service [Catalina]
17-Dec-2019 17:35:30.326 INFO [main] org.apache.coyote.AbstractProtocol.stop Stopping ProtocolHandler ["http-nio-8080"]
17-Dec-2019 17:35:30.328 INFO [main] org.apache.coyote.AbstractProtocol.stop Stopping ProtocolHandler ["ajp-nio-8009"]
17-Dec-2019 17:35:30.328 INFO [main] org.apache.coyote.AbstractProtocol.destroy Destroying ProtocolHandler ["http-nio-8080"]
17-Dec-2019 17:35:30.328 INFO [main] org.apache.coyote.AbstractProtocol.destroy Destroying ProtocolHandler ["ajp-nio-8009"]
17-Dec-2019 17:40:10.968 INFO [main] org.apache.catalina.startup.VersionLoggerListener.log Server version name:   Apache Tomcat/9.0.30
17-Dec-2019 17:40:10.969 INFO [main] org.apache.catalina.startup.VersionLoggerListener.log Server built:          Dec 7 2019 16:42:04 UTC
17-Dec-2019 17:40:10.969 INFO [main] org.apache.catalina.startup.VersionLoggerListener.log Server version number: 9.0.30.0
17-Dec-2019 17:40:10.969 INFO [main] org.apache.catalina.startup.VersionLoggerListener.log OS Name:               Mac OS X
17-Dec-2019 17:40:10.969 INFO [main] org.apache.catalina.startup.VersionLoggerListener.log OS Version:            10.14.3
17-Dec-2019 17:40:10.969 INFO [main] org.apache.catalina.startup.VersionLoggerListener.log Architecture:          x86_64
17-Dec-2019 17:40:10.969 INFO [main] org.apache.catalina.startup.VersionLoggerListener.log Java Home:             /Library/Java/JavaVirtualMachines/jdk1.8.0_221.jdk/Contents/Home/jre
17-Dec-2019 17:40:10.969 INFO [main] org.apache.catalina.startup.VersionLoggerListener.log JVM Version:           1.8.0_221-b11
17-Dec-2019 17:40:10.969 INFO [main] org.apache.catalina.startup.VersionLoggerListener.log JVM Vendor:            Oracle Corporation
17-Dec-2019 17:40:10.969 INFO [main] org.apache.catalina.startup.VersionLoggerListener.log CATALINA_BASE:         /Users/lang.nguyen/Desktop/coopmart-web/tomcat/apache-tomcat-9.0.30
17-Dec-2019 17:40:10.970 INFO [main] org.apache.catalina.startup.VersionLoggerListener.log CATALINA_HOME:         /Users/lang.nguyen/Desktop/coopmart-web/tomcat/apache-tomcat-9.0.30
17-Dec-2019 17:40:10.973 INFO [main] org.apache.catalina.startup.VersionLoggerListener.log Command line argument: -Djava.util.logging.config.file=/Users/lang.nguyen/Desktop/coopmart-web/tomcat/apache-tomcat-9.0.30/conf/logging.properties
17-Dec-2019 17:40:10.973 INFO [main] org.apache.catalina.startup.VersionLoggerListener.log Command line argument: -Djava.util.logging.manager=org.apache.juli.ClassLoaderLogManager
17-Dec-2019 17:40:10.973 INFO [main] org.apache.catalina.startup.VersionLoggerListener.log Command line argument: -Djdk.tls.ephemeralDHKeySize=2048
17-Dec-2019 17:40:10.974 INFO [main] org.apache.catalina.startup.VersionLoggerListener.log Command line argument: -Djava.protocol.handler.pkgs=org.apache.catalina.webresources
17-Dec-2019 17:40:10.974 INFO [main] org.apache.catalina.startup.VersionLoggerListener.log Command line argument: -Dorg.apache.catalina.security.SecurityListener.UMASK=0027
17-Dec-2019 17:40:10.974 INFO [main] org.apache.catalina.startup.VersionLoggerListener.log Command line argument: -Dignore.endorsed.dirs=
17-Dec-2019 17:40:10.974 INFO [main] org.apache.catalina.startup.VersionLoggerListener.log Command line argument: -Dcatalina.base=/Users/lang.nguyen/Desktop/coopmart-web/tomcat/apache-tomcat-9.0.30
17-Dec-2019 17:40:10.974 INFO [main] org.apache.catalina.startup.VersionLoggerListener.log Command line argument: -Dcatalina.home=/Users/lang.nguyen/Desktop/coopmart-web/tomcat/apache-tomcat-9.0.30
17-Dec-2019 17:40:10.974 INFO [main] org.apache.catalina.startup.VersionLoggerListener.log Command line argument: -Djava.io.tmpdir=/Users/lang.nguyen/Desktop/coopmart-web/tomcat/apache-tomcat-9.0.30/temp
17-Dec-2019 17:40:10.974 INFO [main] org.apache.catalina.core.AprLifecycleListener.lifecycleEvent The APR based Apache Tomcat Native library which allows optimal performance in production environments was not found on the java.library.path: [/Users/lang.nguyen/Library/Java/Extensions:/Library/Java/Extensions:/Network/Library/Java/Extensions:/System/Library/Java/Extensions:/usr/lib/java:.]
17-Dec-2019 17:40:11.149 INFO [main] org.apache.coyote.AbstractProtocol.init Initializing ProtocolHandler ["http-nio-8080"]
17-Dec-2019 17:40:11.167 INFO [main] org.apache.coyote.AbstractProtocol.init Initializing ProtocolHandler ["ajp-nio-8009"]
17-Dec-2019 17:40:11.168 INFO [main] org.apache.catalina.startup.Catalina.load Server initialization in [306] milliseconds
17-Dec-2019 17:40:11.182 INFO [main] org.apache.catalina.core.StandardService.startInternal Starting service [Catalina]
17-Dec-2019 17:40:11.182 INFO [main] org.apache.catalina.core.StandardEngine.startInternal Starting Servlet engine: [Apache Tomcat/9.0.30]
17-Dec-2019 17:40:11.186 INFO [main] org.apache.catalina.startup.HostConfig.deployDirectory Deploying web application directory [/Users/lang.nguyen/Desktop/coopmart-web/tomcat/apache-tomcat-9.0.30/webapps/docs]
17-Dec-2019 17:40:11.317 INFO [main] org.apache.catalina.startup.HostConfig.deployDirectory Deployment of web application directory [/Users/lang.nguyen/Desktop/coopmart-web/tomcat/apache-tomcat-9.0.30/webapps/docs] has finished in [131] ms
17-Dec-2019 17:40:11.317 INFO [main] org.apache.catalina.startup.HostConfig.deployDirectory Deploying web application directory [/Users/lang.nguyen/Desktop/coopmart-web/tomcat/apache-tomcat-9.0.30/webapps/examples]
17-Dec-2019 17:40:11.461 INFO [main] org.apache.catalina.startup.HostConfig.deployDirectory Deployment of web application directory [/Users/lang.nguyen/Desktop/coopmart-web/tomcat/apache-tomcat-9.0.30/webapps/examples] has finished in [144] ms
17-Dec-2019 17:40:11.461 INFO [main] org.apache.catalina.startup.HostConfig.deployDirectory Deploying web application directory [/Users/lang.nguyen/Desktop/coopmart-web/tomcat/apache-tomcat-9.0.30/webapps/host-manager]
17-Dec-2019 17:40:11.474 INFO [main] org.apache.catalina.startup.HostConfig.deployDirectory Deployment of web application directory [/Users/lang.nguyen/Desktop/coopmart-web/tomcat/apache-tomcat-9.0.30/webapps/host-manager] has finished in [13] ms
17-Dec-2019 17:40:11.475 INFO [main] org.apache.catalina.startup.HostConfig.deployDirectory Deploying web application directory [/Users/lang.nguyen/Desktop/coopmart-web/tomcat/apache-tomcat-9.0.30/webapps/manager]
17-Dec-2019 17:40:11.484 INFO [main] org.apache.catalina.startup.HostConfig.deployDirectory Deployment of web application directory [/Users/lang.nguyen/Desktop/coopmart-web/tomcat/apache-tomcat-9.0.30/webapps/manager] has finished in [9] ms
17-Dec-2019 17:40:11.484 INFO [main] org.apache.catalina.startup.HostConfig.deployDirectory Deploying web application directory [/Users/lang.nguyen/Desktop/coopmart-web/tomcat/apache-tomcat-9.0.30/webapps/ROOT]
17-Dec-2019 17:40:11.492 INFO [main] org.apache.catalina.startup.HostConfig.deployDirectory Deployment of web application directory [/Users/lang.nguyen/Desktop/coopmart-web/tomcat/apache-tomcat-9.0.30/webapps/ROOT] has finished in [8] ms
17-Dec-2019 17:40:11.494 INFO [main] org.apache.coyote.AbstractProtocol.start Starting ProtocolHandler ["http-nio-8080"]
17-Dec-2019 17:40:11.498 INFO [main] org.apache.coyote.AbstractProtocol.start Starting ProtocolHandler ["ajp-nio-8009"]
17-Dec-2019 17:40:11.499 INFO [main] org.apache.catalina.startup.Catalina.start Server startup in [330] milliseconds
17-Dec-2019 17:40:19.730 INFO [main] org.apache.catalina.core.StandardServer.await A valid shutdown command was received via the shutdown port. Stopping the Server instance.
17-Dec-2019 17:40:19.730 INFO [main] org.apache.coyote.AbstractProtocol.pause Pausing ProtocolHandler ["http-nio-8080"]
17-Dec-2019 17:40:19.739 INFO [main] org.apache.coyote.AbstractProtocol.pause Pausing ProtocolHandler ["ajp-nio-8009"]
17-Dec-2019 17:40:19.745 INFO [main] org.apache.catalina.core.StandardService.stopInternal Stopping service [Catalina]
17-Dec-2019 17:40:19.756 INFO [main] org.apache.coyote.AbstractProtocol.stop Stopping ProtocolHandler ["http-nio-8080"]
17-Dec-2019 17:40:19.757 INFO [main] org.apache.coyote.AbstractProtocol.stop Stopping ProtocolHandler ["ajp-nio-8009"]
17-Dec-2019 17:40:19.758 INFO [main] org.apache.coyote.AbstractProtocol.destroy Destroying ProtocolHandler ["http-nio-8080"]
17-Dec-2019 17:40:19.758 INFO [main] org.apache.coyote.AbstractProtocol.destroy Destroying ProtocolHandler ["ajp-nio-8009"]
18-Dec-2019 11:52:56.357 INFO [main] org.apache.catalina.startup.VersionLoggerListener.log Server version name:   Apache Tomcat/9.0.30
18-Dec-2019 11:52:56.358 INFO [main] org.apache.catalina.startup.VersionLoggerListener.log Server built:          Dec 7 2019 16:42:04 UTC
18-Dec-2019 11:52:56.358 INFO [main] org.apache.catalina.startup.VersionLoggerListener.log Server version number: 9.0.30.0
18-Dec-2019 11:52:56.358 INFO [main] org.apache.catalina.startup.VersionLoggerListener.log OS Name:               Mac OS X
18-Dec-2019 11:52:56.358 INFO [main] org.apache.catalina.startup.VersionLoggerListener.log OS Version:            10.14.3
18-Dec-2019 11:52:56.358 INFO [main] org.apache.catalina.startup.VersionLoggerListener.log Architecture:          x86_64
18-Dec-2019 11:52:56.358 INFO [main] org.apache.catalina.startup.VersionLoggerListener.log Java Home:             /Library/Java/JavaVirtualMachines/jdk1.8.0_221.jdk/Contents/Home/jre
18-Dec-2019 11:52:56.359 INFO [main] org.apache.catalina.startup.VersionLoggerListener.log JVM Version:           1.8.0_221-b11
18-Dec-2019 11:52:56.359 INFO [main] org.apache.catalina.startup.VersionLoggerListener.log JVM Vendor:            Oracle Corporation
18-Dec-2019 11:52:56.359 INFO [main] org.apache.catalina.startup.VersionLoggerListener.log CATALINA_BASE:         /Users/lang.nguyen/Desktop/coopmart/tomcat/apache-tomcat-9.0.30
18-Dec-2019 11:52:56.359 INFO [main] org.apache.catalina.startup.VersionLoggerListener.log CATALINA_HOME:         /Users/lang.nguyen/Desktop/coopmart/tomcat/apache-tomcat-9.0.30
18-Dec-2019 11:52:56.362 INFO [main] org.apache.catalina.startup.VersionLoggerListener.log Command line argument: -Djava.util.logging.config.file=/Users/lang.nguyen/Desktop/coopmart/tomcat/apache-tomcat-9.0.30/conf/logging.properties
18-Dec-2019 11:52:56.362 INFO [main] org.apache.catalina.startup.VersionLoggerListener.log Command line argument: -Djava.util.logging.manager=org.apache.juli.ClassLoaderLogManager
18-Dec-2019 11:52:56.362 INFO [main] org.apache.catalina.startup.VersionLoggerListener.log Command line argument: -Djdk.tls.ephemeralDHKeySize=2048
18-Dec-2019 11:52:56.363 INFO [main] org.apache.catalina.startup.VersionLoggerListener.log Command line argument: -Djava.protocol.handler.pkgs=org.apache.catalina.webresources
18-Dec-2019 11:52:56.363 INFO [main] org.apache.catalina.startup.VersionLoggerListener.log Command line argument: -Dorg.apache.catalina.security.SecurityListener.UMASK=0027
18-Dec-2019 11:52:56.363 INFO [main] org.apache.catalina.startup.VersionLoggerListener.log Command line argument: -Dignore.endorsed.dirs=
18-Dec-2019 11:52:56.363 INFO [main] org.apache.catalina.startup.VersionLoggerListener.log Command line argument: -Dcatalina.base=/Users/lang.nguyen/Desktop/coopmart/tomcat/apache-tomcat-9.0.30
18-Dec-2019 11:52:56.363 INFO [main] org.apache.catalina.startup.VersionLoggerListener.log Command line argument: -Dcatalina.home=/Users/lang.nguyen/Desktop/coopmart/tomcat/apache-tomcat-9.0.30
18-Dec-2019 11:52:56.363 INFO [main] org.apache.catalina.startup.VersionLoggerListener.log Command line argument: -Djava.io.tmpdir=/Users/lang.nguyen/Desktop/coopmart/tomcat/apache-tomcat-9.0.30/temp
18-Dec-2019 11:52:56.363 INFO [main] org.apache.catalina.core.AprLifecycleListener.lifecycleEvent The APR based Apache Tomcat Native library which allows optimal performance in production environments was not found on the java.library.path: [/Users/lang.nguyen/Library/Java/Extensions:/Library/Java/Extensions:/Network/Library/Java/Extensions:/System/Library/Java/Extensions:/usr/lib/java:.]
18-Dec-2019 11:52:56.540 INFO [main] org.apache.coyote.AbstractProtocol.init Initializing ProtocolHandler ["http-nio-8080"]
18-Dec-2019 11:52:56.558 INFO [main] org.apache.coyote.AbstractProtocol.init Initializing ProtocolHandler ["ajp-nio-8009"]
18-Dec-2019 11:52:56.559 INFO [main] org.apache.catalina.startup.Catalina.load Server initialization in [308] milliseconds
18-Dec-2019 11:52:56.573 INFO [main] org.apache.catalina.core.StandardService.startInternal Starting service [Catalina]
18-Dec-2019 11:52:56.573 INFO [main] org.apache.catalina.core.StandardEngine.startInternal Starting Servlet engine: [Apache Tomcat/9.0.30]
18-Dec-2019 11:52:56.578 INFO [main] org.apache.catalina.startup.HostConfig.deployDirectory Deploying web application directory [/Users/lang.nguyen/Desktop/coopmart/tomcat/apache-tomcat-9.0.30/webapps/docs]
18-Dec-2019 11:52:56.713 INFO [main] org.apache.catalina.startup.HostConfig.deployDirectory Deployment of web application directory [/Users/lang.nguyen/Desktop/coopmart/tomcat/apache-tomcat-9.0.30/webapps/docs] has finished in [135] ms
18-Dec-2019 11:52:56.713 INFO [main] org.apache.catalina.startup.HostConfig.deployDirectory Deploying web application directory [/Users/lang.nguyen/Desktop/coopmart/tomcat/apache-tomcat-9.0.30/webapps/examples]
18-Dec-2019 11:52:56.887 INFO [main] org.apache.catalina.startup.HostConfig.deployDirectory Deployment of web application directory [/Users/lang.nguyen/Desktop/coopmart/tomcat/apache-tomcat-9.0.30/webapps/examples] has finished in [174] ms
18-Dec-2019 11:52:56.887 INFO [main] org.apache.catalina.startup.HostConfig.deployDirectory Deploying web application directory [/Users/lang.nguyen/Desktop/coopmart/tomcat/apache-tomcat-9.0.30/webapps/host-manager]
18-Dec-2019 11:52:56.901 INFO [main] org.apache.catalina.startup.HostConfig.deployDirectory Deployment of web application directory [/Users/lang.nguyen/Desktop/coopmart/tomcat/apache-tomcat-9.0.30/webapps/host-manager] has finished in [14] ms
18-Dec-2019 11:52:56.901 INFO [main] org.apache.catalina.startup.HostConfig.deployDirectory Deploying web application directory [/Users/lang.nguyen/Desktop/coopmart/tomcat/apache-tomcat-9.0.30/webapps/manager]
18-Dec-2019 11:52:56.911 INFO [main] org.apache.catalina.startup.HostConfig.deployDirectory Deployment of web application directory [/Users/lang.nguyen/Desktop/coopmart/tomcat/apache-tomcat-9.0.30/webapps/manager] has finished in [10] ms
18-Dec-2019 11:52:56.912 INFO [main] org.apache.catalina.startup.HostConfig.deployDirectory Deploying web application directory [/Users/lang.nguyen/Desktop/coopmart/tomcat/apache-tomcat-9.0.30/webapps/ROOT]
18-Dec-2019 11:52:56.919 INFO [main] org.apache.catalina.startup.HostConfig.deployDirectory Deployment of web application directory [/Users/lang.nguyen/Desktop/coopmart/tomcat/apache-tomcat-9.0.30/webapps/ROOT] has finished in [7] ms
18-Dec-2019 11:52:56.921 INFO [main] org.apache.coyote.AbstractProtocol.start Starting ProtocolHandler ["http-nio-8080"]
18-Dec-2019 11:52:56.925 INFO [main] org.apache.coyote.AbstractProtocol.start Starting ProtocolHandler ["ajp-nio-8009"]
18-Dec-2019 11:52:56.926 INFO [main] org.apache.catalina.startup.Catalina.start Server startup in [366] milliseconds
18-Dec-2019 11:53:11.917 INFO [main] org.apache.catalina.core.StandardServer.await A valid shutdown command was received via the shutdown port. Stopping the Server instance.
18-Dec-2019 11:53:11.917 INFO [main] org.apache.coyote.AbstractProtocol.pause Pausing ProtocolHandler ["http-nio-8080"]
18-Dec-2019 11:53:11.926 INFO [main] org.apache.coyote.AbstractProtocol.pause Pausing ProtocolHandler ["ajp-nio-8009"]
18-Dec-2019 11:53:11.932 INFO [main] org.apache.catalina.core.StandardService.stopInternal Stopping service [Catalina]
18-Dec-2019 11:53:11.941 INFO [main] org.apache.coyote.AbstractProtocol.stop Stopping ProtocolHandler ["http-nio-8080"]
18-Dec-2019 11:53:11.943 INFO [main] org.apache.coyote.AbstractProtocol.stop Stopping ProtocolHandler ["ajp-nio-8009"]
18-Dec-2019 11:53:11.944 INFO [main] org.apache.coyote.AbstractProtocol.destroy Destroying ProtocolHandler ["http-nio-8080"]
18-Dec-2019 11:53:11.944 INFO [main] org.apache.coyote.AbstractProtocol.destroy Destroying ProtocolHandler ["ajp-nio-8009"]
